[17/Aug/2022:20:06:02] (I): WordPress Instance Info:
[17/Aug/2022:20:06:02] (I): Home URL : http://localhost/wordpress
[17/Aug/2022:20:06:02] (I): Site URL : http://localhost/wordpress
[17/Aug/2022:20:06:02] (I): WordPress Version : 6.0.1
[17/Aug/2022:20:06:02] (I): Onboarding Version : 1.1.25
[17/Aug/2022:20:06:02] (I): Multisite : No
[17/Aug/2022:20:06:02] (I): Server Info : Apache/2.4.46 (Win64) OpenSSL/1.1.1j PHP/8.0.3
[17/Aug/2022:20:06:02] (I): PHP Version : 8.0.3
[17/Aug/2022:20:06:02] (I): HTTPS : No
[17/Aug/2022:20:06:02] (I): PHP Max Execution Time : 120
[17/Aug/2022:20:06:02] (I): PHP Max Input Vars : 1000
[17/Aug/2022:20:06:02] (I): Max Upload Size : 41943040
[17/Aug/2022:20:06:02] (I): Plugins:
[17/Aug/2022:20:06:02] (I): [PLUGIN] Advanced CF7 DB : v1.8.7 (Vsourz Digital)
[17/Aug/2022:20:06:02] (I): [PLUGIN] Forminator : v1.17.2 (WPMU DEV)
[17/Aug/2022:20:06:02] (I): [PLUGIN] Otter – Page Builder Blocks &amp; Extensions for Gutenberg : v2.0.11 (ThemeIsle)
[17/Aug/2022:20:06:02] (I): [PLUGIN] Templates Patterns Collection : v1.1.25 (ThemeIsle)
[17/Aug/2022:20:06:02] (I): [PLUGIN] WP Show Posts : v1.1.3 (Tom Usborne)
[17/Aug/2022:20:06:02] (P): Saving remote XML
[17/Aug/2022:20:06:05] (S): Saved remote XML at path C:\xampp\htdocs\wordpress/wp-content/uploads/themeisle-demo-import.xml.
[17/Aug/2022:20:06:05] (P): Starting content import...
[17/Aug/2022:20:06:05] (S): Import started.
[17/Aug/2022:20:06:05] (S): Parsing XML file.
[17/Aug/2022:20:06:05] (P): Starting parsing file:C:\xampp\htdocs\wordpress/wp-content/uploads/themeisle-demo-import.xml
[17/Aug/2022:20:06:05] (P): Using WXR_Parser_SimpleXML...
[17/Aug/2022:20:06:05] (S): Parsed XML
[17/Aug/2022:20:06:05] (P): Processing categories...
[17/Aug/2022:20:06:05] (S): Processed categories.
[17/Aug/2022:20:06:05] (P): Processing tags...
[17/Aug/2022:20:06:05] (S): No tags to process.
[17/Aug/2022:20:06:05] (P): Processing terms...
[17/Aug/2022:20:06:05] (W): Failed to import elementor_library_type page
[17/Aug/2022:20:06:05] (E): Taxonomía no válida.
[17/Aug/2022:20:06:05] (W): Failed to import elementor_library_type section
[17/Aug/2022:20:06:05] (E): Taxonomía no válida.
[17/Aug/2022:20:06:05] (S): Processed terms.
[17/Aug/2022:20:06:05] (P): Processing posts...
[17/Aug/2022:20:06:05] (P): Processing attachment: https://s33834.pcdn.co/restaurant-gb/wp-content/uploads/sites/445/2019/05/neve-restaurant-header1.jpg...
[17/Aug/2022:20:06:05] (P): Fetching attachment from url: https://s33834.pcdn.co/restaurant-gb/wp-content/uploads/sites/445/2019/05/neve-restaurant-header1.jpg...
[17/Aug/2022:20:06:06] (S): Fetched remote attachment.
[17/Aug/2022:20:06:06] (P): Inserting attachment...
[17/Aug/2022:20:06:06] (S): Attachment inserted
[17/Aug/2022:20:06:06] (S): Processed attachment.
[17/Aug/2022:20:06:06] (P): Processing attachment: https://s33834.pcdn.co/restaurant-gb/wp-content/uploads/sites/445/2019/05/neve-restaurant-menu1.jpg...
[17/Aug/2022:20:06:06] (P): Fetching attachment from url: https://s33834.pcdn.co/restaurant-gb/wp-content/uploads/sites/445/2019/05/neve-restaurant-menu1.jpg...
[17/Aug/2022:20:06:07] (S): Fetched remote attachment.
[17/Aug/2022:20:06:07] (P): Inserting attachment...
[17/Aug/2022:20:06:07] (S): Attachment inserted
[17/Aug/2022:20:06:07] (S): Processed attachment.
[17/Aug/2022:20:06:07] (P): Processing attachment: https://s33834.pcdn.co/restaurant-gb/wp-content/uploads/sites/445/2019/05/neve-restaurant-menu2.jpg...
[17/Aug/2022:20:06:07] (P): Fetching attachment from url: https://s33834.pcdn.co/restaurant-gb/wp-content/uploads/sites/445/2019/05/neve-restaurant-menu2.jpg...
[17/Aug/2022:20:06:07] (S): Fetched remote attachment.
[17/Aug/2022:20:06:07] (P): Inserting attachment...
[17/Aug/2022:20:06:07] (S): Attachment inserted
[17/Aug/2022:20:06:07] (S): Processed attachment.
[17/Aug/2022:20:06:07] (P): Processing attachment: https://s33834.pcdn.co/restaurant-gb/wp-content/uploads/sites/445/2019/05/neve-restaurant-gallery-menu1.jpg...
[17/Aug/2022:20:06:07] (P): Fetching attachment from url: https://s33834.pcdn.co/restaurant-gb/wp-content/uploads/sites/445/2019/05/neve-restaurant-gallery-menu1.jpg...
[17/Aug/2022:20:06:08] (S): Fetched remote attachment.
[17/Aug/2022:20:06:08] (P): Inserting attachment...
[17/Aug/2022:20:06:08] (S): Attachment inserted
[17/Aug/2022:20:06:08] (S): Processed attachment.
[17/Aug/2022:20:06:08] (P): Processing attachment: https://s33834.pcdn.co/restaurant-gb/wp-content/uploads/sites/445/2019/05/neve-restaurant-gallery-menu2.jpg...
[17/Aug/2022:20:06:08] (P): Fetching attachment from url: https://s33834.pcdn.co/restaurant-gb/wp-content/uploads/sites/445/2019/05/neve-restaurant-gallery-menu2.jpg...
[17/Aug/2022:20:06:09] (S): Fetched remote attachment.
[17/Aug/2022:20:06:09] (P): Inserting attachment...
[17/Aug/2022:20:06:09] (S): Attachment inserted
[17/Aug/2022:20:06:09] (S): Processed attachment.
[17/Aug/2022:20:06:09] (P): Processing attachment: https://s33834.pcdn.co/restaurant-gb/wp-content/uploads/sites/445/2019/05/neve-restaurant-gallery-menu3.jpg...
[17/Aug/2022:20:06:09] (P): Fetching attachment from url: https://s33834.pcdn.co/restaurant-gb/wp-content/uploads/sites/445/2019/05/neve-restaurant-gallery-menu3.jpg...
[17/Aug/2022:20:06:10] (S): Fetched remote attachment.
[17/Aug/2022:20:06:10] (P): Inserting attachment...
[17/Aug/2022:20:06:10] (S): Attachment inserted
[17/Aug/2022:20:06:10] (S): Processed attachment.
[17/Aug/2022:20:06:10] (P): Processing attachment: https://s33834.pcdn.co/restaurant-gb/wp-content/uploads/sites/445/2019/05/neve-restaurant-gallery-menu4.jpg...
[17/Aug/2022:20:06:10] (P): Fetching attachment from url: https://s33834.pcdn.co/restaurant-gb/wp-content/uploads/sites/445/2019/05/neve-restaurant-gallery-menu4.jpg...
[17/Aug/2022:20:06:11] (S): Fetched remote attachment.
[17/Aug/2022:20:06:11] (P): Inserting attachment...
[17/Aug/2022:20:06:11] (S): Attachment inserted
[17/Aug/2022:20:06:11] (S): Processed attachment.
[17/Aug/2022:20:06:11] (P): Processing attachment: https://s33834.pcdn.co/restaurant-gb/wp-content/uploads/sites/445/2019/05/neve-restaurant-gallery-menu5.jpg...
[17/Aug/2022:20:06:11] (P): Fetching attachment from url: https://s33834.pcdn.co/restaurant-gb/wp-content/uploads/sites/445/2019/05/neve-restaurant-gallery-menu5.jpg...
[17/Aug/2022:20:06:13] (S): Fetched remote attachment.
[17/Aug/2022:20:06:13] (P): Inserting attachment...
[17/Aug/2022:20:06:13] (S): Attachment inserted
[17/Aug/2022:20:06:13] (S): Processed attachment.
[17/Aug/2022:20:06:13] (P): Processing attachment: https://s33834.pcdn.co/restaurant-gb/wp-content/uploads/sites/445/2019/05/neve-restaurant-gallery-menu7.jpg...
[17/Aug/2022:20:06:13] (P): Fetching attachment from url: https://s33834.pcdn.co/restaurant-gb/wp-content/uploads/sites/445/2019/05/neve-restaurant-gallery-menu7.jpg...
[17/Aug/2022:20:06:15] (S): Fetched remote attachment.
[17/Aug/2022:20:06:15] (P): Inserting attachment...
[17/Aug/2022:20:06:15] (S): Attachment inserted
[17/Aug/2022:20:06:15] (S): Processed attachment.
[17/Aug/2022:20:06:15] (P): Processing attachment: https://s33834.pcdn.co/restaurant-gb/wp-content/uploads/sites/445/2019/05/neve-restaurant-gallery-menu8.jpg...
[17/Aug/2022:20:06:15] (P): Fetching attachment from url: https://s33834.pcdn.co/restaurant-gb/wp-content/uploads/sites/445/2019/05/neve-restaurant-gallery-menu8.jpg...
[17/Aug/2022:20:06:15] (S): Fetched remote attachment.
[17/Aug/2022:20:06:15] (P): Inserting attachment...
[17/Aug/2022:20:06:15] (S): Attachment inserted
[17/Aug/2022:20:06:15] (S): Processed attachment.
[17/Aug/2022:20:06:15] (P): Processing attachment: https://s33834.pcdn.co/restaurant-gb/wp-content/uploads/sites/445/2019/05/neve-restaurant-gallery-small-menu1.jpg...
[17/Aug/2022:20:06:15] (P): Fetching attachment from url: https://s33834.pcdn.co/restaurant-gb/wp-content/uploads/sites/445/2019/05/neve-restaurant-gallery-small-menu1.jpg...
[17/Aug/2022:20:06:16] (S): Fetched remote attachment.
[17/Aug/2022:20:06:16] (P): Inserting attachment...
[17/Aug/2022:20:06:16] (S): Attachment inserted
[17/Aug/2022:20:06:16] (S): Processed attachment.
[17/Aug/2022:20:06:16] (P): Processing attachment: https://s33834.pcdn.co/restaurant-gb/wp-content/uploads/sites/445/2019/05/neve-restaurant-gallery-small-menu4.jpg...
[17/Aug/2022:20:06:16] (P): Fetching attachment from url: https://s33834.pcdn.co/restaurant-gb/wp-content/uploads/sites/445/2019/05/neve-restaurant-gallery-small-menu4.jpg...
[17/Aug/2022:20:06:16] (S): Fetched remote attachment.
[17/Aug/2022:20:06:16] (P): Inserting attachment...
[17/Aug/2022:20:06:16] (S): Attachment inserted
[17/Aug/2022:20:06:16] (S): Processed attachment.
[17/Aug/2022:20:06:16] (P): Processing attachment: https://s33834.pcdn.co/restaurant-gb/wp-content/uploads/sites/445/2019/05/neve-restaurant-gallery-small-menu2.jpg...
[17/Aug/2022:20:06:16] (P): Fetching attachment from url: https://s33834.pcdn.co/restaurant-gb/wp-content/uploads/sites/445/2019/05/neve-restaurant-gallery-small-menu2.jpg...
[17/Aug/2022:20:06:18] (S): Fetched remote attachment.
[17/Aug/2022:20:06:18] (P): Inserting attachment...
[17/Aug/2022:20:06:18] (S): Attachment inserted
[17/Aug/2022:20:06:18] (S): Processed attachment.
[17/Aug/2022:20:06:18] (P): Processing attachment: https://s33834.pcdn.co/restaurant-gb/wp-content/uploads/sites/445/2019/05/neve-restaurant-gallery-small-menu5.jpg...
[17/Aug/2022:20:06:18] (P): Fetching attachment from url: https://s33834.pcdn.co/restaurant-gb/wp-content/uploads/sites/445/2019/05/neve-restaurant-gallery-small-menu5.jpg...
[17/Aug/2022:20:06:19] (S): Fetched remote attachment.
[17/Aug/2022:20:06:19] (P): Inserting attachment...
[17/Aug/2022:20:06:19] (S): Attachment inserted
[17/Aug/2022:20:06:19] (S): Processed attachment.
[17/Aug/2022:20:06:19] (P): Processing attachment: https://s33834.pcdn.co/restaurant-gb/wp-content/uploads/sites/445/2019/05/neve-restaurant-gallery-small-menu3.jpg...
[17/Aug/2022:20:06:19] (P): Fetching attachment from url: https://s33834.pcdn.co/restaurant-gb/wp-content/uploads/sites/445/2019/05/neve-restaurant-gallery-small-menu3.jpg...
[17/Aug/2022:20:06:20] (S): Fetched remote attachment.
[17/Aug/2022:20:06:20] (P): Inserting attachment...
[17/Aug/2022:20:06:20] (S): Attachment inserted
[17/Aug/2022:20:06:20] (S): Processed attachment.
[17/Aug/2022:20:06:21] (P): Processing attachment: https://s33834.pcdn.co/restaurant-gb/wp-content/uploads/sites/445/2019/05/neve-restaurant-gallery-small-menu6.jpg...
[17/Aug/2022:20:06:21] (P): Fetching attachment from url: https://s33834.pcdn.co/restaurant-gb/wp-content/uploads/sites/445/2019/05/neve-restaurant-gallery-small-menu6.jpg...
[17/Aug/2022:20:06:30] (S): Fetched remote attachment.
[17/Aug/2022:20:06:30] (P): Inserting attachment...
[17/Aug/2022:20:06:30] (S): Attachment inserted
[17/Aug/2022:20:06:30] (S): Processed attachment.
[17/Aug/2022:20:06:30] (P): Processing attachment: https://s33834.pcdn.co/restaurant-gb/wp-content/uploads/sites/445/2019/05/neve-restaurant-gallery-med-menu3a.jpg...
[17/Aug/2022:20:06:30] (P): Fetching attachment from url: https://s33834.pcdn.co/restaurant-gb/wp-content/uploads/sites/445/2019/05/neve-restaurant-gallery-med-menu3a.jpg...
[17/Aug/2022:20:06:32] (S): Fetched remote attachment.
[17/Aug/2022:20:06:32] (P): Inserting attachment...
[17/Aug/2022:20:06:32] (S): Attachment inserted
[17/Aug/2022:20:06:32] (S): Processed attachment.
[17/Aug/2022:20:06:32] (P): Processing attachment: https://s33834.pcdn.co/restaurant-gb/wp-content/uploads/sites/445/2019/05/neve-restaurant-testimonial-1.jpg...
[17/Aug/2022:20:06:32] (P): Fetching attachment from url: https://s33834.pcdn.co/restaurant-gb/wp-content/uploads/sites/445/2019/05/neve-restaurant-testimonial-1.jpg...
[17/Aug/2022:20:06:32] (S): Fetched remote attachment.
[17/Aug/2022:20:06:32] (P): Inserting attachment...
[17/Aug/2022:20:06:32] (S): Attachment inserted
[17/Aug/2022:20:06:32] (S): Processed attachment.
[17/Aug/2022:20:06:32] (P): Processing attachment: https://s33834.pcdn.co/restaurant-gb/wp-content/uploads/sites/445/2019/05/placeholder-image.png...
[17/Aug/2022:20:06:32] (P): Fetching attachment from url: https://s33834.pcdn.co/restaurant-gb/wp-content/uploads/sites/445/2019/05/placeholder-image.png...
[17/Aug/2022:20:06:33] (S): Fetched remote attachment.
[17/Aug/2022:20:06:33] (P): Inserting attachment...
[17/Aug/2022:20:06:33] (S): Attachment inserted
[17/Aug/2022:20:06:33] (S): Processed attachment.
[17/Aug/2022:20:06:33] (P): Processing attachment: https://s33834.pcdn.co/restaurant-gb/wp-content/uploads/sites/445/2019/07/neve-restaurant-gallery-menu6.jpg...
[17/Aug/2022:20:06:33] (P): Fetching attachment from url: https://s33834.pcdn.co/restaurant-gb/wp-content/uploads/sites/445/2019/07/neve-restaurant-gallery-menu6.jpg...
[17/Aug/2022:20:06:33] (S): Fetched remote attachment.
[17/Aug/2022:20:06:33] (P): Inserting attachment...
[17/Aug/2022:20:06:33] (S): Attachment inserted
[17/Aug/2022:20:06:33] (S): Processed attachment.
[17/Aug/2022:20:06:33] (P): Inserting custom_css: neve .
[17/Aug/2022:20:06:33] (S): Done inserting custom_css: neve .
[17/Aug/2022:20:06:33] (P): Processing attachment: https://s33834.pcdn.co/restaurant-gb/wp-content/uploads/sites/445/2019/05/neve-restaurant-header3-1024x413.jpg...
[17/Aug/2022:20:06:33] (P): Fetching attachment from url: https://s33834.pcdn.co/restaurant-gb/wp-content/uploads/sites/445/2019/05/neve-restaurant-header3-1024x413.jpg...
[17/Aug/2022:20:06:34] (S): Fetched remote attachment.
[17/Aug/2022:20:06:34] (P): Inserting attachment...
[17/Aug/2022:20:06:34] (S): Attachment inserted
[17/Aug/2022:20:06:34] (S): Processed attachment.
[17/Aug/2022:20:06:34] (P): Processing attachment: https://s33834.pcdn.co/restaurant-gb/wp-content/uploads/sites/445/2019/05/neve-restaurant-our-header.jpg...
[17/Aug/2022:20:06:34] (P): Fetching attachment from url: https://s33834.pcdn.co/restaurant-gb/wp-content/uploads/sites/445/2019/05/neve-restaurant-our-header.jpg...
[17/Aug/2022:20:06:34] (S): Fetched remote attachment.
[17/Aug/2022:20:06:34] (P): Inserting attachment...
[17/Aug/2022:20:06:34] (S): Attachment inserted
[17/Aug/2022:20:06:34] (S): Processed attachment.
[17/Aug/2022:20:06:35] (P): Processing attachment: https://s33834.pcdn.co/restaurant-gb/wp-content/uploads/sites/445/2019/05/neve-restaurant-ourrestaurant-photo2.jpg...
[17/Aug/2022:20:06:35] (P): Fetching attachment from url: https://s33834.pcdn.co/restaurant-gb/wp-content/uploads/sites/445/2019/05/neve-restaurant-ourrestaurant-photo2.jpg...
[17/Aug/2022:20:06:35] (S): Fetched remote attachment.
[17/Aug/2022:20:06:35] (P): Inserting attachment...
[17/Aug/2022:20:06:35] (S): Attachment inserted
[17/Aug/2022:20:06:35] (S): Processed attachment.
[17/Aug/2022:20:06:35] (P): Processing attachment: https://s33834.pcdn.co/restaurant-gb/wp-content/uploads/sites/445/2019/05/neve-restaurant-ourrestaurant-photo3.jpg...
[17/Aug/2022:20:06:35] (P): Fetching attachment from url: https://s33834.pcdn.co/restaurant-gb/wp-content/uploads/sites/445/2019/05/neve-restaurant-ourrestaurant-photo3.jpg...
[17/Aug/2022:20:06:37] (S): Fetched remote attachment.
[17/Aug/2022:20:06:37] (P): Inserting attachment...
[17/Aug/2022:20:06:37] (S): Attachment inserted
[17/Aug/2022:20:06:37] (S): Processed attachment.
[17/Aug/2022:20:06:37] (P): Processing attachment: https://s33834.pcdn.co/restaurant-gb/wp-content/uploads/sites/445/2019/05/neve-restaurant-ourrestaurant-photo4.jpg...
[17/Aug/2022:20:06:37] (P): Fetching attachment from url: https://s33834.pcdn.co/restaurant-gb/wp-content/uploads/sites/445/2019/05/neve-restaurant-ourrestaurant-photo4.jpg...
[17/Aug/2022:20:06:38] (S): Fetched remote attachment.
[17/Aug/2022:20:06:38] (P): Inserting attachment...
[17/Aug/2022:20:06:38] (S): Attachment inserted
[17/Aug/2022:20:06:38] (S): Processed attachment.
[17/Aug/2022:20:06:38] (P): Processing attachment: https://s33834.pcdn.co/restaurant-gb/wp-content/uploads/sites/445/2019/05/neve-restaurant-ourrestaurant-photo1.jpg...
[17/Aug/2022:20:06:38] (P): Fetching attachment from url: https://s33834.pcdn.co/restaurant-gb/wp-content/uploads/sites/445/2019/05/neve-restaurant-ourrestaurant-photo1.jpg...
[17/Aug/2022:20:06:40] (S): Fetched remote attachment.
[17/Aug/2022:20:06:40] (P): Inserting attachment...
[17/Aug/2022:20:06:40] (S): Attachment inserted
[17/Aug/2022:20:06:40] (S): Processed attachment.
[17/Aug/2022:20:06:40] (P): Processing attachment: https://s33834.pcdn.co/restaurant-gb/wp-content/uploads/sites/445/2019/05/neve-restaurant-ourrestaurant-photo-m3.jpg...
[17/Aug/2022:20:06:40] (P): Fetching attachment from url: https://s33834.pcdn.co/restaurant-gb/wp-content/uploads/sites/445/2019/05/neve-restaurant-ourrestaurant-photo-m3.jpg...
[17/Aug/2022:20:06:42] (S): Fetched remote attachment.
[17/Aug/2022:20:06:42] (P): Inserting attachment...
[17/Aug/2022:20:06:42] (S): Attachment inserted
[17/Aug/2022:20:06:42] (S): Processed attachment.
[17/Aug/2022:20:06:42] (P): Processing attachment: https://s33834.pcdn.co/restaurant-gb/wp-content/uploads/sites/445/2019/05/neve-restaurant-testimonial-2.jpg...
[17/Aug/2022:20:06:42] (P): Fetching attachment from url: https://s33834.pcdn.co/restaurant-gb/wp-content/uploads/sites/445/2019/05/neve-restaurant-testimonial-2.jpg...
[17/Aug/2022:20:06:43] (S): Fetched remote attachment.
[17/Aug/2022:20:06:43] (P): Inserting attachment...
[17/Aug/2022:20:06:43] (S): Attachment inserted
[17/Aug/2022:20:06:43] (S): Processed attachment.
[17/Aug/2022:20:06:43] (P): Processing attachment: https://s33834.pcdn.co/restaurant-gb/wp-content/uploads/sites/445/2019/05/neve-restaurant-toast.jpg...
[17/Aug/2022:20:06:43] (P): Fetching attachment from url: https://s33834.pcdn.co/restaurant-gb/wp-content/uploads/sites/445/2019/05/neve-restaurant-toast.jpg...
[17/Aug/2022:20:06:44] (S): Fetched remote attachment.
[17/Aug/2022:20:06:44] (P): Inserting attachment...
[17/Aug/2022:20:06:44] (S): Attachment inserted
[17/Aug/2022:20:06:44] (S): Processed attachment.
[17/Aug/2022:20:06:44] (P): Processing attachment: https://s33834.pcdn.co/restaurant-gb/wp-content/uploads/sites/445/2019/05/neve-restaurant-header4-1024x663.jpg...
[17/Aug/2022:20:06:44] (P): Fetching attachment from url: https://s33834.pcdn.co/restaurant-gb/wp-content/uploads/sites/445/2019/05/neve-restaurant-header4-1024x663.jpg...
[17/Aug/2022:20:06:46] (S): Fetched remote attachment.
[17/Aug/2022:20:06:46] (P): Inserting attachment...
[17/Aug/2022:20:06:46] (S): Attachment inserted
[17/Aug/2022:20:06:46] (S): Processed attachment.
[17/Aug/2022:20:06:46] (P): Processing attachment: https://s33834.pcdn.co/restaurant-gb/wp-content/uploads/sites/445/2019/05/neve-restaurant-reservation-header1-1024x429.jpg...
[17/Aug/2022:20:06:46] (P): Fetching attachment from url: https://s33834.pcdn.co/restaurant-gb/wp-content/uploads/sites/445/2019/05/neve-restaurant-reservation-header1-1024x429.jpg...
[17/Aug/2022:20:06:47] (S): Fetched remote attachment.
[17/Aug/2022:20:06:47] (P): Inserting attachment...
[17/Aug/2022:20:06:47] (S): Attachment inserted
[17/Aug/2022:20:06:47] (S): Processed attachment.
[17/Aug/2022:20:06:47] (P): Processing attachment: https://s33834.pcdn.co/restaurant-gb/wp-content/uploads/sites/445/2019/07/neve-restaurant-testimonial-3.jpg...
[17/Aug/2022:20:06:47] (P): Fetching attachment from url: https://s33834.pcdn.co/restaurant-gb/wp-content/uploads/sites/445/2019/07/neve-restaurant-testimonial-3.jpg...
[17/Aug/2022:20:06:50] (S): Fetched remote attachment.
[17/Aug/2022:20:06:50] (P): Inserting attachment...
[17/Aug/2022:20:06:50] (S): Attachment inserted
[17/Aug/2022:20:06:50] (S): Processed attachment.
[17/Aug/2022:20:06:50] (P): Processing attachment: https://s33834.pcdn.co/restaurant-gb/wp-content/uploads/sites/445/2019/07/harta.png...
[17/Aug/2022:20:06:50] (P): Fetching attachment from url: https://s33834.pcdn.co/restaurant-gb/wp-content/uploads/sites/445/2019/07/harta.png...
[17/Aug/2022:20:06:50] (S): Fetched remote attachment.
[17/Aug/2022:20:06:50] (P): Inserting attachment...
[17/Aug/2022:20:06:51] (S): Attachment inserted
[17/Aug/2022:20:06:51] (S): Processed attachment.
[17/Aug/2022:20:06:51] (P): Processing single menu item ' '...
[17/Aug/2022:20:06:51] (P): Processing single menu item ' '...
[17/Aug/2022:20:06:51] (P): Processing single menu item ' '...
[17/Aug/2022:20:06:51] (P): Processing attachment: https://s33834.pcdn.co/restaurant-gb/wp-content/uploads/sites/445/2020/06/restaurant-logo.png...
[17/Aug/2022:20:06:51] (P): Fetching attachment from url: https://s33834.pcdn.co/restaurant-gb/wp-content/uploads/sites/445/2020/06/restaurant-logo.png...
[17/Aug/2022:20:06:51] (S): Fetched remote attachment.
[17/Aug/2022:20:06:51] (P): Inserting attachment...
[17/Aug/2022:20:06:51] (S): Attachment inserted
[17/Aug/2022:20:06:51] (S): Processed attachment.
[17/Aug/2022:20:06:51] (P): Processing attachment: https://s33834.pcdn.co/restaurant-gb/wp-content/uploads/sites/445/2020/06/cropped-restaurant-logo.png...
[17/Aug/2022:20:06:51] (P): Fetching attachment from url: https://s33834.pcdn.co/restaurant-gb/wp-content/uploads/sites/445/2020/06/cropped-restaurant-logo.png...
[17/Aug/2022:20:06:52] (S): Fetched remote attachment.
[17/Aug/2022:20:06:52] (P): Inserting attachment...
[17/Aug/2022:20:06:52] (S): Attachment inserted
[17/Aug/2022:20:06:52] (S): Processed attachment.
[17/Aug/2022:20:06:52] (P): Processing attachment: https://s33834.pcdn.co/restaurant-gb/wp-content/uploads/sites/445/2020/12/restaurant-logo-2.png...
[17/Aug/2022:20:06:52] (P): Fetching attachment from url: https://s33834.pcdn.co/restaurant-gb/wp-content/uploads/sites/445/2020/12/restaurant-logo-2.png...
[17/Aug/2022:20:06:53] (S): Fetched remote attachment.
[17/Aug/2022:20:06:53] (P): Inserting attachment...
[17/Aug/2022:20:06:53] (S): Attachment inserted
[17/Aug/2022:20:06:53] (S): Processed attachment.
[17/Aug/2022:20:06:53] (P): Inserting page: Home .
[17/Aug/2022:20:06:53] (S): Done inserting page: Home .
[17/Aug/2022:20:06:53] (P): Inserting page: Reservations .
[17/Aug/2022:20:06:53] (S): Done inserting page: Reservations .
[17/Aug/2022:20:06:53] (P): Inserting wp_block: Social Banner .
[17/Aug/2022:20:06:53] (S): Done inserting wp_block: Social Banner .
[17/Aug/2022:20:06:53] (P): Inserting wp_block: Footer .
[17/Aug/2022:20:06:53] (S): Done inserting wp_block: Footer .
[17/Aug/2022:20:06:53] (P): Inserting page: Menu .
[17/Aug/2022:20:06:53] (S): Done inserting page: Menu .
[17/Aug/2022:20:06:53] (P): Inserting wp_block: Hero Section .
[17/Aug/2022:20:06:53] (S): Done inserting wp_block: Hero Section .
[17/Aug/2022:20:06:53] (P): Inserting wp_block: Menu block .
[17/Aug/2022:20:06:53] (S): Done inserting wp_block: Menu block .
[17/Aug/2022:20:06:53] (P): Inserting wp_block: Dishes .
[17/Aug/2022:20:06:53] (S): Done inserting wp_block: Dishes .
[17/Aug/2022:20:06:53] (P): Inserting page: Our restaurant .
[17/Aug/2022:20:06:53] (S): Done inserting page: Our restaurant .
[17/Aug/2022:20:06:53] (P): Inserting wp_block: S-icons .
[17/Aug/2022:20:06:53] (S): Done inserting wp_block: S-icons .
[17/Aug/2022:20:06:53] (S): Processed posts.
[17/Aug/2022:20:06:53] (P): Processing single menu item ' '...
[17/Aug/2022:20:06:54] (S): Processed single menu item.
[17/Aug/2022:20:06:54] (P): Processing single menu item ' '...
[17/Aug/2022:20:06:54] (S): Processed single menu item.
[17/Aug/2022:20:06:54] (P): Processing single menu item ' '...
[17/Aug/2022:20:06:54] (S): Processed single menu item.
[17/Aug/2022:20:06:54] (P): Cleaning up import with id ...
[17/Aug/2022:20:06:54] (P): Done cleanup. Flushing cache...
[17/Aug/2022:20:06:54] (P): Flushed cache. Removing temporary data..
[17/Aug/2022:20:06:54] (S): Done importing
[17/Aug/2022:20:06:54] (P): Busting elementor cache
[17/Aug/2022:20:06:54] (P): Busting woo cache
[17/Aug/2022:20:06:54] (S): Front page set up with id: 208.
